<?xml version="1.0" encoding="UTF-8"?>
<!-- Generated by org.testng.reporters.JUnitXMLReporter -->
<testsuite ignored="0" hostname="ReddiMahesh" failures="1" tests="5" name="Test" time="84.569" errors="0" timestamp="2022-06-23T11:54:50 IST">
  <testcase classname="tests.FourTest" name="testFour" time="11.391">
    <failure type="java.lang.AssertionError">
      <![CDATA[java.lang.AssertionError
at org.junit.Assert.fail(Assert.java:86)
at org.junit.Assert.assertTrue(Assert.java:41)
at org.junit.Assert.assertTrue(Assert.java:52)
at tests.FourTest.testFour(FourTest.java:21)
at java.base/java.util.ArrayList.forEach(ArrayList.java:1511)
... Removed 27 stack frames]]>
    </failure>
  </testcase> <!-- testFour -->
  <testcase classname="tests.TwoTest" name="testTwo" time="7.176"/>
  <testcase classname="tests.LoginTest" name="login" time="9.079"/>
  <testcase classname="tests.LoginTest" name="login" time="16.529"/>
  <testcase classname="tests.ThreeTest" name="testThree" time="7.454"/>
</testsuite> <!-- Test -->
